psql:database/schema.sql:17: NOTICE:  TimescaleDB extension not available; continuing with standard PostgreSQL capabilities.
DO
psql:database/schema.sql:33: NOTICE:  relation "air_quality" already exists, skipping
CREATE TABLE
psql:database/schema.sql:43: NOTICE:  TimescaleDB extension absent; leaving air_quality as a standard table.
DO
psql:database/schema.sql:56: NOTICE:  relation "compensation_claims" already exists, skipping
CREATE TABLE
psql:database/schema.sql:69: NOTICE:  relation "devices" already exists, skipping
CREATE TABLE
psql:database/schema.sql:79: NOTICE:  relation "user_wallets" already exists, skipping
CREATE TABLE
psql:database/schema.sql:82: NOTICE:  relation "idx_air_quality_time" already exists, skipping
CREATE INDEX
psql:database/schema.sql:83: NOTICE:  relation "idx_air_quality_device" already exists, skipping
CREATE INDEX
psql:database/schema.sql:84: NOTICE:  relation "idx_air_quality_pm25" already exists, skipping
CREATE INDEX
psql:database/schema.sql:85: NOTICE:  relation "idx_compensation_wallet" already exists, skipping
CREATE INDEX
psql:database/schema.sql:86: NOTICE:  relation "idx_compensation_status" already exists, skipping
CREATE INDEX
psql:database/schema.sql:87: NOTICE:  relation "idx_compensation_tx" already exists, skipping
CREATE INDEX
psql:database/schema.sql:88: NOTICE:  relation "idx_devices_status" already exists, skipping
CREATE INDEX
CREATE VIEW
CREATE VIEW
CREATE FUNCTION
DROP TRIGGER
CREATE TRIGGER
CREATE FUNCTION
DROP TRIGGER
CREATE TRIGGER
INSERT 0 0
GRANT
GRANT
